


ARM Macro Assembler    Page 1 


    1 00000000         ;/******************************************************
                       ************************
    2 00000000         ; * @file     startup_M480.s
    3 00000000         ; * @version  V1.00
    4 00000000         ; * @brief    CMSIS Cortex-M4 Core Device Startup File f
                       or M480
    5 00000000         ; *
    6 00000000         ; * @copyright (C) 2017 Nuvoton Technology Corp. All rig
                       hts reserved.
    7 00000000         ;*******************************************************
                       **********************/
    8 00000000         ;/*
    9 00000000         ;//-------- <<< Use Configuration Wizard in Context Menu
                        >>> ------------------
   10 00000000         ;*/
   11 00000000         
   12 00000000         
   13 00000000         ; <h> Stack Configuration
   14 00000000         ;   <o> Stack Size (in Bytes) <0x0-0xFFFFFFFF:8>
   15 00000000         ; </h>
   16 00000000         
   17 00000000                 IF               :LNOT: :DEF: Stack_Size
   19                          ENDIF
   20 00000000         
   21 00000000                 AREA             STACK, NOINIT, READWRITE, ALIGN
=3
   22 00000000         Stack_Mem
                               SPACE            Stack_Size
   23 00000800         __initial_sp
   24 00000800         
   25 00000800         
   26 00000800         ; <h> Heap Configuration
   27 00000800         ;   <o>  Heap Size (in Bytes) <0x0-0xFFFFFFFF:8>
   28 00000800         ; </h>
   29 00000800         
   30 00000800                 IF               :LNOT: :DEF: Heap_Size
   32                          ENDIF
   33 00000800         
   34 00000800                 AREA             HEAP, NOINIT, READWRITE, ALIGN=
3
   35 00000000         __heap_base
   36 00000000         Heap_Mem
                               SPACE            Heap_Size
   37 00002000         __heap_limit
   38 00002000         
   39 00002000         
   40 00002000                 PRESERVE8
   41 00002000                 THUMB
   42 00002000         
   43 00002000         
   44 00002000         ; Vector Table Mapped to Address 0 at Reset
   45 00002000         
   46 00002000                 AREA             RESET, DATA, READONLY
   47 00000000                 EXPORT           __Vectors
   48 00000000                 EXPORT           __Vectors_End
   49 00000000                 EXPORT           __Vectors_Size
   50 00000000         
   51 00000000 00000000 
                       __Vectors



ARM Macro Assembler    Page 2 


                               DCD              __initial_sp ; Top of Stack
   52 00000004 00000000        DCD              Reset_Handler ; Reset Handler
   53 00000008 00000000        DCD              NMI_Handler ; NMI Handler
   54 0000000C 00000000        DCD              HardFault_Handler ; Hard Fault 
                                                            Handler
   55 00000010 00000000        DCD              MemManage_Handler 
                                                            ; MPU Fault Handler
                                                            
   56 00000014 00000000        DCD              BusFault_Handler 
                                                            ; Bus Fault Handler
                                                            
   57 00000018 00000000        DCD              UsageFault_Handler ; Usage Faul
                                                            t Handler
   58 0000001C 00000000        DCD              0           ; Reserved
   59 00000020 00000000        DCD              0           ; Reserved
   60 00000024 00000000        DCD              0           ; Reserved
   61 00000028 00000000        DCD              0           ; Reserved
   62 0000002C 00000000        DCD              SVC_Handler ; SVCall Handler
   63 00000030 00000000        DCD              DebugMon_Handler ; Debug Monito
                                                            r Handler
   64 00000034 00000000        DCD              0           ; Reserved
   65 00000038 00000000        DCD              PendSV_Handler ; PendSV Handler
                                                            
   66 0000003C 00000000        DCD              SysTick_Handler 
                                                            ; SysTick Handler
   67 00000040         
   68 00000040         ; External Interrupts
   69 00000040 00000000        DCD              BOD_IRQHandler ; 0: Brown Out d
                                                            etection
   70 00000044 00000000        DCD              IRC_IRQHandler ; 1: Internal RC
                                                            
   71 00000048 00000000        DCD              PWRWU_IRQHandler ; 2: Power dow
                                                            n wake up
   72 0000004C 00000000        DCD              RAMPE_IRQHandler ; 3: RAM parit
                                                            y error
   73 00000050 00000000        DCD              CKFAIL_IRQHandler ; 4: Clock de
                                                            tection fail
   74 00000054 00000000        DCD              Default_Handler ; 5: Reserved
   75 00000058 00000000        DCD              RTC_IRQHandler ; 6: Real Time C
                                                            lock
   76 0000005C 00000000        DCD              TAMPER_IRQHandler ; 7: Tamper d
                                                            etection
   77 00000060 00000000        DCD              WDT_IRQHandler 
                                                            ; 8: Watchdog timer
                                                            
   78 00000064 00000000        DCD              WWDT_IRQHandler ; 9: Window wat
                                                            chdog timer
   79 00000068 00000000        DCD              EINT0_IRQHandler ; 10: External
                                                             Input 0
   80 0000006C 00000000        DCD              EINT1_IRQHandler ; 11: External
                                                             Input 1
   81 00000070 00000000        DCD              EINT2_IRQHandler ; 12: External
                                                             Input 2
   82 00000074 00000000        DCD              EINT3_IRQHandler ; 13: External
                                                             Input 3
   83 00000078 00000000        DCD              EINT4_IRQHandler ; 14: External
                                                             Input 4
   84 0000007C 00000000        DCD              EINT5_IRQHandler ; 15: External
                                                             Input 5



ARM Macro Assembler    Page 3 


   85 00000080 00000000        DCD              GPA_IRQHandler 
                                                            ; 16: GPIO Port A
   86 00000084 00000000        DCD              GPB_IRQHandler 
                                                            ; 17: GPIO Port B
   87 00000088 00000000        DCD              GPC_IRQHandler 
                                                            ; 18: GPIO Port C
   88 0000008C 00000000        DCD              GPD_IRQHandler 
                                                            ; 19: GPIO Port D
   89 00000090 00000000        DCD              GPE_IRQHandler 
                                                            ; 20: GPIO Port E
   90 00000094 00000000        DCD              GPF_IRQHandler 
                                                            ; 21: GPIO Port F
   91 00000098 00000000        DCD              QSPI0_IRQHandler ; 22: QSPI0
   92 0000009C 00000000        DCD              SPI0_IRQHandler ; 23: SPI0
   93 000000A0 00000000        DCD              BRAKE0_IRQHandler ; 24:
   94 000000A4 00000000        DCD              EPWM0P0_IRQHandler ; 25:
   95 000000A8 00000000        DCD              EPWM0P1_IRQHandler ; 26:
   96 000000AC 00000000        DCD              EPWM0P2_IRQHandler ; 27:
   97 000000B0 00000000        DCD              BRAKE1_IRQHandler ; 28:
   98 000000B4 00000000        DCD              EPWM1P0_IRQHandler ; 29:
   99 000000B8 00000000        DCD              EPWM1P1_IRQHandler ; 30:
  100 000000BC 00000000        DCD              EPWM1P2_IRQHandler ; 31:
  101 000000C0 00000000        DCD              TMR0_IRQHandler ; 32: Timer 0
  102 000000C4 00000000        DCD              TMR1_IRQHandler ; 33: Timer 1
  103 000000C8 00000000        DCD              TMR2_IRQHandler ; 34: Timer 2
  104 000000CC 00000000        DCD              TMR3_IRQHandler ; 35: Timer 3
  105 000000D0 00000000        DCD              UART0_IRQHandler ; 36: UART0
  106 000000D4 00000000        DCD              UART1_IRQHandler ; 37: UART1
  107 000000D8 00000000        DCD              I2C0_IRQHandler ; 38: I2C0
  108 000000DC 00000000        DCD              I2C1_IRQHandler ; 39: I2C1
  109 000000E0 00000000        DCD              PDMA_IRQHandler ; 40: Periphera
                                                            l DMA
  110 000000E4 00000000        DCD              DAC_IRQHandler ; 41: DAC
  111 000000E8 00000000        DCD              EADC00_IRQHandler ; 42: EADC0 i
                                                            nterrupt source 0
  112 000000EC 00000000        DCD              EADC01_IRQHandler ; 43: EADC0 i
                                                            nterrupt source 1
  113 000000F0 00000000        DCD              ACMP01_IRQHandler ; 44: ACMP0 a
                                                            nd ACMP1
  114 000000F4 00000000        DCD              Default_Handler ; 45: Reserved
  115 000000F8 00000000        DCD              EADC02_IRQHandler ; 46: EADC0 i
                                                            nterrupt source 2
  116 000000FC 00000000        DCD              EADC03_IRQHandler ; 47: EADC0 i
                                                            nterrupt source 3
  117 00000100 00000000        DCD              UART2_IRQHandler ; 48: UART2
  118 00000104 00000000        DCD              UART3_IRQHandler ; 49: UART3
  119 00000108 00000000        DCD              QSPI1_IRQHandler ; 50: QSPI1
  120 0000010C 00000000        DCD              SPI1_IRQHandler ; 51: SPI1
  121 00000110 00000000        DCD              SPI2_IRQHandler ; 52: SPI2
  122 00000114 00000000        DCD              USBD_IRQHandler 
                                                            ; 53: USB device
  123 00000118 00000000        DCD              OHCI_IRQHandler ; 54: OHCI
  124 0000011C 00000000        DCD              USBOTG_IRQHandler ; 55: USB OTG
                                                            
  125 00000120 00000000        DCD              CAN0_IRQHandler ; 56: CAN0
  126 00000124 00000000        DCD              CAN1_IRQHandler ; 57: CAN1
  127 00000128 00000000        DCD              SC0_IRQHandler ; 58:
  128 0000012C 00000000        DCD              SC1_IRQHandler ; 59:
  129 00000130 00000000        DCD              SC2_IRQHandler ; 60:



ARM Macro Assembler    Page 4 


  130 00000134 00000000        DCD              Default_Handler ; 61:
  131 00000138 00000000        DCD              SPI3_IRQHandler ; 62: SPI3
  132 0000013C 00000000        DCD              Default_Handler ; 63:
  133 00000140 00000000        DCD              SDH0_IRQHandler ; 64: SDH0
  134 00000144 00000000        DCD              USBD20_IRQHandler ; 65: USBD20
  135 00000148 00000000        DCD              EMAC_TX_IRQHandler 
                                                            ; 66: EMAC_TX
  136 0000014C 00000000        DCD              EMAC_RX_IRQHandler 
                                                            ; 67: EMAX_RX
  137 00000150 00000000        DCD              I2S0_IRQHandler ; 68: I2S0
  138 00000154 00000000        DCD              Default_Handler ; 69: ToDo: Add
                                                             description to thi
                                                            s Interrupt
  139 00000158 00000000        DCD              OPA0_IRQHandler ; 70: OPA0
  140 0000015C 00000000        DCD              CRYPTO_IRQHandler ; 71: CRYPTO
  141 00000160 00000000        DCD              GPG_IRQHandler ; 72:
  142 00000164 00000000        DCD              EINT6_IRQHandler ; 73:
  143 00000168 00000000        DCD              UART4_IRQHandler ; 74: UART4
  144 0000016C 00000000        DCD              UART5_IRQHandler ; 75: UART5
  145 00000170 00000000        DCD              USCI0_IRQHandler ; 76: USCI0
  146 00000174 00000000        DCD              USCI1_IRQHandler ; 77: USCI1
  147 00000178 00000000        DCD              BPWM0_IRQHandler ; 78: BPWM0
  148 0000017C 00000000        DCD              BPWM1_IRQHandler ; 79: BPWM1
  149 00000180 00000000        DCD              SPIM_IRQHandler ; 80: SPIM
  150 00000184 00000000        DCD              CCAP_IRQHandler ; 81: CCAP
  151 00000188 00000000        DCD              I2C2_IRQHandler ; 82: I2C2
  152 0000018C 00000000        DCD              Default_Handler ; 83:
  153 00000190 00000000        DCD              QEI0_IRQHandler ; 84: QEI0
  154 00000194 00000000        DCD              QEI1_IRQHandler ; 85: QEI1
  155 00000198 00000000        DCD              ECAP0_IRQHandler ; 86: ECAP0
  156 0000019C 00000000        DCD              ECAP1_IRQHandler ; 87: ECAP1
  157 000001A0 00000000        DCD              GPH_IRQHandler ; 88:
  158 000001A4 00000000        DCD              EINT7_IRQHandler ; 89:
  159 000001A8 00000000        DCD              SDH1_IRQHandler ; 90: SDH1
  160 000001AC 00000000        DCD              Default_Handler ; 91:
  161 000001B0 00000000        DCD              EHCI_IRQHandler ; 92: EHCI
  162 000001B4 00000000        DCD              USBOTG20_IRQHandler ; 93:
  163 000001B8 00000000        DCD              Default_Handler ; 94:
  164 000001BC 00000000        DCD              Default_Handler ; 95:
  165 000001C0 00000000        DCD              Default_Handler ; 96:
  166 000001C4 00000000        DCD              Default_Handler ; 97:
  167 000001C8 00000000        DCD              Default_Handler ; 98:
  168 000001CC 00000000        DCD              Default_Handler ; 99:
  169 000001D0 00000000        DCD              Default_Handler ; 100:
  170 000001D4 00000000        DCD              TRNG_IRQHandler ; 101: TRNG
  171 000001D8 00000000        DCD              UART6_IRQHandler ; 102: UART6
  172 000001DC 00000000        DCD              UART7_IRQHandler ; 103: UART7
  173 000001E0 00000000        DCD              EADC10_IRQHandler ; 104: EADC1 
                                                            interrupt source 0
  174 000001E4 00000000        DCD              EADC11_IRQHandler ; 105: EADC1 
                                                            interrupt source 1
  175 000001E8 00000000        DCD              EADC12_IRQHandler ; 106: EADC1 
                                                            interrupt source 2
  176 000001EC 00000000        DCD              EADC13_IRQHandler ; 107: EADC1 
                                                            interrupt source 3
  177 000001F0 00000000        DCD              CAN2_IRQHandler ; 108: CAN2
  178 000001F4         
  179 000001F4         
  180 000001F4         __Vectors_End



ARM Macro Assembler    Page 5 


  181 000001F4         
  182 000001F4 000001F4 
                       __Vectors_Size
                               EQU              __Vectors_End - __Vectors
  183 000001F4         
  184 000001F4                 AREA             |.text|, CODE, READONLY
  185 00000000         
  186 00000000         
  187 00000000         ; Reset Handler
  188 00000000         
  189 00000000         Reset_Handler
                               PROC
  190 00000000                 EXPORT           Reset_Handler             [WEAK
]
  191 00000000                 IMPORT           SystemInit
  192 00000000                 IMPORT           __main
  193 00000000         
  194 00000000         ; Unlock Register
  195 00000000 4814            LDR              R0, =0x40000100
  196 00000002 F04F 0159       LDR              R1, =0x59
  197 00000006 6001            STR              R1, [R0]
  198 00000008 F04F 0116       LDR              R1, =0x16
  199 0000000C 6001            STR              R1, [R0]
  200 0000000E F04F 0188       LDR              R1, =0x88
  201 00000012 6001            STR              R1, [R0]
  202 00000014         
  203 00000014                 IF               :LNOT: :DEF: ENABLE_SPIM_CACHE
  204 00000014 4810            LDR              R0, =0x40000200 ; R0 = Clock Co
                                                            ntroller Register B
                                                            ase Address
  205 00000016 6841            LDR              R1, [R0,#0x4] ; R1 = 0x40000204
                                                              (AHBCLK)
  206 00000018 F441 4180       ORR              R1, R1, #0x4000
  207 0000001C 6041            STR              R1, [R0,#0x4] ; CLK->AHBCLK |= 
                                                            CLK_AHBCLK_SPIMCKEN
                                                            _Msk;
  208 0000001E         
  209 0000001E 480F            LDR              R0, =0x40007000 ; R0 = SPIM Reg
                                                            ister Base Address
  210 00000020 6841            LDR              R1, [R0,#4] ; R1 = SPIM->CTL1
  211 00000022 F041 0102       ORR              R1, R1,#2   ; R1 |= SPIM_CTL1_C
                                                            ACHEOFF_Msk
  212 00000026 6041            STR              R1, [R0,#4] ; _SPIM_DISABLE_CAC
                                                            HE()
  213 00000028 6841            LDR              R1, [R0,#4] ; R1 = SPIM->CTL1
  214 0000002A F041 0104       ORR              R1, R1, #4  ; R1 |= SPIM_CTL1_C
                                                            CMEN_Msk
  215 0000002E 6041            STR              R1, [R0,#4] ; _SPIM_ENABLE_CCM(
                                                            )
  216 00000030                 ENDIF
  217 00000030         
  218 00000030 480B            LDR              R0, =SystemInit
  219 00000032 4780            BLX              R0
  220 00000034         
  221 00000034         ; Init POR
  222 00000034         ; LDR     R2, =0x40000024
  223 00000034         ; LDR     R1, =0x00005AA5
  224 00000034         ; STR     R1, [R2]
  225 00000034         



ARM Macro Assembler    Page 6 


  226 00000034         ; Lock
  227 00000034 4807            LDR              R0, =0x40000100
  228 00000036 F04F 0100       LDR              R1, =0
  229 0000003A 6001            STR              R1, [R0]
  230 0000003C         
  231 0000003C 4809            LDR              R0, =__main
  232 0000003E 4700            BX               R0
  233 00000040         
  234 00000040                 ENDP
  235 00000040         
  236 00000040         
  237 00000040         ; Dummy Exception Handlers (infinite loops which can be 
                       modified)
  238 00000040         
  239 00000040         NMI_Handler
                               PROC
  240 00000040                 EXPORT           NMI_Handler               [WEAK
]
  241 00000040 E7FE            B                .
  242 00000042                 ENDP
  244 00000042         HardFault_Handler
                               PROC
  245 00000042                 EXPORT           HardFault_Handler         [WEAK
]
  246 00000042 E7FE            B                .
  247 00000044                 ENDP
  249 00000044         MemManage_Handler
                               PROC
  250 00000044                 EXPORT           MemManage_Handler         [WEAK
]
  251 00000044 E7FE            B                .
  252 00000046                 ENDP
  254 00000046         BusFault_Handler
                               PROC
  255 00000046                 EXPORT           BusFault_Handler          [WEAK
]
  256 00000046 E7FE            B                .
  257 00000048                 ENDP
  259 00000048         UsageFault_Handler
                               PROC
  260 00000048                 EXPORT           UsageFault_Handler        [WEAK
]
  261 00000048 E7FE            B                .
  262 0000004A                 ENDP
  263 0000004A         SVC_Handler
                               PROC
  264 0000004A                 EXPORT           SVC_Handler               [WEAK
]
  265 0000004A E7FE            B                .
  266 0000004C                 ENDP
  268 0000004C         DebugMon_Handler
                               PROC
  269 0000004C                 EXPORT           DebugMon_Handler          [WEAK
]
  270 0000004C E7FE            B                .
  271 0000004E                 ENDP
  273 0000004E         PendSV_Handler
                               PROC
  274 0000004E                 EXPORT           PendSV_Handler            [WEAK



ARM Macro Assembler    Page 7 


]
  275 0000004E E7FE            B                .
  276 00000050                 ENDP
  278 00000050         SysTick_Handler
                               PROC
  279 00000050                 EXPORT           SysTick_Handler           [WEAK
]
  280 00000050 E7FE            B                .
  281 00000052                 ENDP
  282 00000052         
  283 00000052         Default_Handler
                               PROC
  284 00000052         
  285 00000052                 EXPORT           BOD_IRQHandler            [WEAK
]
  286 00000052                 EXPORT           IRC_IRQHandler            [WEAK
]
  287 00000052                 EXPORT           PWRWU_IRQHandler          [WEAK
]
  288 00000052                 EXPORT           RAMPE_IRQHandler          [WEAK
]
  289 00000052                 EXPORT           CKFAIL_IRQHandler         [WEAK
]
  290 00000052                 EXPORT           RTC_IRQHandler            [WEAK
]
  291 00000052                 EXPORT           TAMPER_IRQHandler         [WEAK
]
  292 00000052                 EXPORT           WDT_IRQHandler            [WEAK
]
  293 00000052                 EXPORT           WWDT_IRQHandler           [WEAK
]
  294 00000052                 EXPORT           EINT0_IRQHandler          [WEAK
]
  295 00000052                 EXPORT           EINT1_IRQHandler          [WEAK
]
  296 00000052                 EXPORT           EINT2_IRQHandler          [WEAK
]
  297 00000052                 EXPORT           EINT3_IRQHandler          [WEAK
]
  298 00000052                 EXPORT           EINT4_IRQHandler          [WEAK
]
  299 00000052                 EXPORT           EINT5_IRQHandler          [WEAK
]
  300 00000052                 EXPORT           GPA_IRQHandler            [WEAK
]
  301 00000052                 EXPORT           GPB_IRQHandler            [WEAK
]
  302 00000052                 EXPORT           GPC_IRQHandler            [WEAK
]
  303 00000052                 EXPORT           GPD_IRQHandler            [WEAK
]
  304 00000052                 EXPORT           GPE_IRQHandler            [WEAK
]
  305 00000052                 EXPORT           GPF_IRQHandler            [WEAK
]
  306 00000052                 EXPORT           QSPI0_IRQHandler          [WEAK
]
  307 00000052                 EXPORT           SPI0_IRQHandler           [WEAK
]



ARM Macro Assembler    Page 8 


  308 00000052                 EXPORT           BRAKE0_IRQHandler         [WEAK
]
  309 00000052                 EXPORT           EPWM0P0_IRQHandler        [WEAK
]
  310 00000052                 EXPORT           EPWM0P1_IRQHandler        [WEAK
]
  311 00000052                 EXPORT           EPWM0P2_IRQHandler        [WEAK
]
  312 00000052                 EXPORT           BRAKE1_IRQHandler         [WEAK
]
  313 00000052                 EXPORT           EPWM1P0_IRQHandler        [WEAK
]
  314 00000052                 EXPORT           EPWM1P1_IRQHandler        [WEAK
]
  315 00000052                 EXPORT           EPWM1P2_IRQHandler        [WEAK
]
  316 00000052                 EXPORT           TMR0_IRQHandler           [WEAK
]
  317 00000052                 EXPORT           TMR1_IRQHandler           [WEAK
]
  318 00000052                 EXPORT           TMR2_IRQHandler           [WEAK
]
  319 00000052                 EXPORT           TMR3_IRQHandler           [WEAK
]
  320 00000052                 EXPORT           UART0_IRQHandler          [WEAK
]
  321 00000052                 EXPORT           UART1_IRQHandler          [WEAK
]
  322 00000052                 EXPORT           I2C0_IRQHandler           [WEAK
]
  323 00000052                 EXPORT           I2C1_IRQHandler           [WEAK
]
  324 00000052                 EXPORT           PDMA_IRQHandler           [WEAK
]
  325 00000052                 EXPORT           DAC_IRQHandler            [WEAK
]
  326 00000052                 EXPORT           EADC00_IRQHandler         [WEAK
]
  327 00000052                 EXPORT           EADC01_IRQHandler         [WEAK
]
  328 00000052                 EXPORT           ACMP01_IRQHandler         [WEAK
]
  329 00000052                 EXPORT           EADC02_IRQHandler         [WEAK
]
  330 00000052                 EXPORT           EADC03_IRQHandler         [WEAK
]
  331 00000052                 EXPORT           UART2_IRQHandler          [WEAK
]
  332 00000052                 EXPORT           UART3_IRQHandler          [WEAK
]
  333 00000052                 EXPORT           QSPI1_IRQHandler          [WEAK
]
  334 00000052                 EXPORT           SPI1_IRQHandler           [WEAK
]
  335 00000052                 EXPORT           SPI2_IRQHandler           [WEAK
]
  336 00000052                 EXPORT           USBD_IRQHandler           [WEAK
]
  337 00000052                 EXPORT           OHCI_IRQHandler           [WEAK



ARM Macro Assembler    Page 9 


]
  338 00000052                 EXPORT           USBOTG_IRQHandler         [WEAK
]
  339 00000052                 EXPORT           CAN0_IRQHandler           [WEAK
]
  340 00000052                 EXPORT           CAN1_IRQHandler           [WEAK
]
  341 00000052                 EXPORT           SC0_IRQHandler            [WEAK
]
  342 00000052                 EXPORT           SC1_IRQHandler            [WEAK
]
  343 00000052                 EXPORT           SC2_IRQHandler            [WEAK
]
  344 00000052                 EXPORT           SPI3_IRQHandler           [WEAK
]
  345 00000052                 EXPORT           SDH0_IRQHandler           [WEAK
]
  346 00000052                 EXPORT           USBD20_IRQHandler         [WEAK
]
  347 00000052                 EXPORT           EMAC_TX_IRQHandler        [WEAK
]
  348 00000052                 EXPORT           EMAC_RX_IRQHandler        [WEAK
]
  349 00000052                 EXPORT           I2S0_IRQHandler           [WEAK
]
  350 00000052                 EXPORT           OPA0_IRQHandler           [WEAK
]
  351 00000052                 EXPORT           CRYPTO_IRQHandler         [WEAK
]
  352 00000052                 EXPORT           GPG_IRQHandler            [WEAK
]
  353 00000052                 EXPORT           EINT6_IRQHandler          [WEAK
]
  354 00000052                 EXPORT           UART4_IRQHandler          [WEAK
]
  355 00000052                 EXPORT           UART5_IRQHandler          [WEAK
]
  356 00000052                 EXPORT           USCI0_IRQHandler          [WEAK
]
  357 00000052                 EXPORT           USCI1_IRQHandler          [WEAK
]
  358 00000052                 EXPORT           BPWM0_IRQHandler          [WEAK
]
  359 00000052                 EXPORT           BPWM1_IRQHandler          [WEAK
]
  360 00000052                 EXPORT           SPIM_IRQHandler           [WEAK
]
  361 00000052                 EXPORT           CCAP_IRQHandler           [WEAK
]
  362 00000052                 EXPORT           I2C2_IRQHandler           [WEAK
]
  363 00000052                 EXPORT           QEI0_IRQHandler           [WEAK
]
  364 00000052                 EXPORT           QEI1_IRQHandler           [WEAK
]
  365 00000052                 EXPORT           ECAP0_IRQHandler          [WEAK
]
  366 00000052                 EXPORT           ECAP1_IRQHandler          [WEAK
]



ARM Macro Assembler    Page 10 


  367 00000052                 EXPORT           GPH_IRQHandler            [WEAK
]
  368 00000052                 EXPORT           EINT7_IRQHandler          [WEAK
]
  369 00000052                 EXPORT           SDH1_IRQHandler           [WEAK
]
  370 00000052                 EXPORT           EHCI_IRQHandler           [WEAK
]
  371 00000052                 EXPORT           USBOTG20_IRQHandler       [WEAK
]
  372 00000052                 EXPORT           TRNG_IRQHandler           [WEAK
]
  373 00000052                 EXPORT           UART6_IRQHandler          [WEAK
]
  374 00000052                 EXPORT           UART7_IRQHandler          [WEAK
]
  375 00000052                 EXPORT           EADC10_IRQHandler         [WEAK
]
  376 00000052                 EXPORT           EADC11_IRQHandler         [WEAK
]
  377 00000052                 EXPORT           EADC12_IRQHandler         [WEAK
]
  378 00000052                 EXPORT           EADC13_IRQHandler         [WEAK
]
  379 00000052                 EXPORT           CAN2_IRQHandler           [WEAK
]
  380 00000052         
  381 00000052         Default__IRQHandler
  382 00000052         BOD_IRQHandler
  383 00000052         IRC_IRQHandler
  384 00000052         PWRWU_IRQHandler
  385 00000052         RAMPE_IRQHandler
  386 00000052         CKFAIL_IRQHandler
  387 00000052         RTC_IRQHandler
  388 00000052         TAMPER_IRQHandler
  389 00000052         WDT_IRQHandler
  390 00000052         WWDT_IRQHandler
  391 00000052         EINT0_IRQHandler
  392 00000052         EINT1_IRQHandler
  393 00000052         EINT2_IRQHandler
  394 00000052         EINT3_IRQHandler
  395 00000052         EINT4_IRQHandler
  396 00000052         EINT5_IRQHandler
  397 00000052         GPA_IRQHandler
  398 00000052         GPB_IRQHandler
  399 00000052         GPC_IRQHandler
  400 00000052         GPD_IRQHandler
  401 00000052         GPE_IRQHandler
  402 00000052         GPF_IRQHandler
  403 00000052         QSPI0_IRQHandler
  404 00000052         SPI0_IRQHandler
  405 00000052         BRAKE0_IRQHandler
  406 00000052         EPWM0P0_IRQHandler
  407 00000052         EPWM0P1_IRQHandler
  408 00000052         EPWM0P2_IRQHandler
  409 00000052         BRAKE1_IRQHandler
  410 00000052         EPWM1P0_IRQHandler
  411 00000052         EPWM1P1_IRQHandler
  412 00000052         EPWM1P2_IRQHandler



ARM Macro Assembler    Page 11 


  413 00000052         TMR0_IRQHandler
  414 00000052         TMR1_IRQHandler
  415 00000052         TMR2_IRQHandler
  416 00000052         TMR3_IRQHandler
  417 00000052         UART0_IRQHandler
  418 00000052         UART1_IRQHandler
  419 00000052         I2C0_IRQHandler
  420 00000052         I2C1_IRQHandler
  421 00000052         PDMA_IRQHandler
  422 00000052         DAC_IRQHandler
  423 00000052         EADC00_IRQHandler
  424 00000052         EADC01_IRQHandler
  425 00000052         ACMP01_IRQHandler
  426 00000052         EADC02_IRQHandler
  427 00000052         EADC03_IRQHandler
  428 00000052         UART2_IRQHandler
  429 00000052         UART3_IRQHandler
  430 00000052         QSPI1_IRQHandler
  431 00000052         SPI1_IRQHandler
  432 00000052         SPI2_IRQHandler
  433 00000052         USBD_IRQHandler
  434 00000052         OHCI_IRQHandler
  435 00000052         USBOTG_IRQHandler
  436 00000052         CAN0_IRQHandler
  437 00000052         CAN1_IRQHandler
  438 00000052         SC0_IRQHandler
  439 00000052         SC1_IRQHandler
  440 00000052         SC2_IRQHandler
  441 00000052         SPI3_IRQHandler
  442 00000052         SDH0_IRQHandler
  443 00000052         USBD20_IRQHandler
  444 00000052         EMAC_TX_IRQHandler
  445 00000052         EMAC_RX_IRQHandler
  446 00000052         I2S0_IRQHandler
  447 00000052         OPA0_IRQHandler
  448 00000052         CRYPTO_IRQHandler
  449 00000052         GPG_IRQHandler
  450 00000052         EINT6_IRQHandler
  451 00000052         UART4_IRQHandler
  452 00000052         UART5_IRQHandler
  453 00000052         USCI0_IRQHandler
  454 00000052         USCI1_IRQHandler
  455 00000052         BPWM0_IRQHandler
  456 00000052         BPWM1_IRQHandler
  457 00000052         SPIM_IRQHandler
  458 00000052         CCAP_IRQHandler
  459 00000052         I2C2_IRQHandler
  460 00000052         QEI0_IRQHandler
  461 00000052         QEI1_IRQHandler
  462 00000052         ECAP0_IRQHandler
  463 00000052         ECAP1_IRQHandler
  464 00000052         GPH_IRQHandler
  465 00000052         EINT7_IRQHandler
  466 00000052         SDH1_IRQHandler
  467 00000052         EHCI_IRQHandler
  468 00000052         USBOTG20_IRQHandler
  469 00000052         TRNG_IRQHandler
  470 00000052         UART6_IRQHandler
  471 00000052         UART7_IRQHandler



ARM Macro Assembler    Page 12 


  472 00000052         EADC10_IRQHandler
  473 00000052         EADC11_IRQHandler
  474 00000052         EADC12_IRQHandler
  475 00000052         EADC13_IRQHandler
  476 00000052         CAN2_IRQHandler
  477 00000052         
  478 00000052         
  479 00000052         
  480 00000052 E7FE            B                .
  481 00000054                 ENDP
  482 00000054         
  483 00000054         
  484 00000054                 ALIGN
  485 00000054         
  486 00000054         
  487 00000054         ; User Initial Stack & Heap
  488 00000054         
  489 00000054                 IF               :DEF:__MICROLIB
  490 00000054         
  491 00000054                 EXPORT           __initial_sp
  492 00000054                 EXPORT           __heap_base
  493 00000054                 EXPORT           __heap_limit
  494 00000054         
  495 00000054                 ELSE
  510                          ENDIF
  511 00000054         
  512 00000054         
  513 00000054                 END
              40000100 
              40000200 
              40007000 
              00000000 
              00000000 
Command Line: --16 --debug --xref --diag_suppress=9931 --cpu=Cortex-M4.fp --apc
s=interwork --depend=.\objects\startup_m480.d -o.\objects\startup_m480.o -I.\RT
E\_Project -IC:\Keil_v5\ARM\PACK\ARM\CMSIS\5.6.0\CMSIS\Core\Include -IC:\Keil_v
5\ARM\PACK\Nuvoton\NuMicro_DFP\1.3.13\Device\M480\Include --predefine="__MICROL
IB SETA 1" --predefine="__UVISION_VERSION SETA 525" --predefine="_RTE_ SETA 1" 
--list=.\listings\startup_m480.lst startup_M480.s



ARM Macro Assembler    Page 1 Alphabetic symbol ordering
Relocatable symbols

STACK 00000000

Symbol: STACK
   Definitions
      At line 21 in file startup_M480.s
   Uses
      None
Comment: STACK unused
Stack_Mem 00000000

Symbol: Stack_Mem
   Definitions
      At line 22 in file startup_M480.s
   Uses
      None
Comment: Stack_Mem unused
__initial_sp 00000800

Symbol: __initial_sp
   Definitions
      At line 23 in file startup_M480.s
   Uses
      At line 51 in file startup_M480.s
      At line 491 in file startup_M480.s

3 symbols



ARM Macro Assembler    Page 1 Alphabetic symbol ordering
Relocatable symbols

HEAP 00000000

Symbol: HEAP
   Definitions
      At line 34 in file startup_M480.s
   Uses
      None
Comment: HEAP unused
Heap_Mem 00000000

Symbol: Heap_Mem
   Definitions
      At line 36 in file startup_M480.s
   Uses
      None
Comment: Heap_Mem unused
__heap_base 00000000

Symbol: __heap_base
   Definitions
      At line 35 in file startup_M480.s
   Uses
      At line 492 in file startup_M480.s
Comment: __heap_base used once
__heap_limit 00002000

Symbol: __heap_limit
   Definitions
      At line 37 in file startup_M480.s
   Uses
      At line 493 in file startup_M480.s
Comment: __heap_limit used once
4 symbols



ARM Macro Assembler    Page 1 Alphabetic symbol ordering
Relocatable symbols

RESET 00000000

Symbol: RESET
   Definitions
      At line 46 in file startup_M480.s
   Uses
      None
Comment: RESET unused
__Vectors 00000000

Symbol: __Vectors
   Definitions
      At line 51 in file startup_M480.s
   Uses
      At line 47 in file startup_M480.s
      At line 182 in file startup_M480.s

__Vectors_End 000001F4

Symbol: __Vectors_End
   Definitions
      At line 180 in file startup_M480.s
   Uses
      At line 48 in file startup_M480.s
      At line 182 in file startup_M480.s

3 symbols



ARM Macro Assembler    Page 1 Alphabetic symbol ordering
Relocatable symbols

.text 00000000

Symbol: .text
   Definitions
      At line 184 in file startup_M480.s
   Uses
      None
Comment: .text unused
ACMP01_IRQHandler 00000052

Symbol: ACMP01_IRQHandler
   Definitions
      At line 425 in file startup_M480.s
   Uses
      At line 113 in file startup_M480.s
      At line 328 in file startup_M480.s

BOD_IRQHandler 00000052

Symbol: BOD_IRQHandler
   Definitions
      At line 382 in file startup_M480.s
   Uses
      At line 69 in file startup_M480.s
      At line 285 in file startup_M480.s

BPWM0_IRQHandler 00000052

Symbol: BPWM0_IRQHandler
   Definitions
      At line 455 in file startup_M480.s
   Uses
      At line 147 in file startup_M480.s
      At line 358 in file startup_M480.s

BPWM1_IRQHandler 00000052

Symbol: BPWM1_IRQHandler
   Definitions
      At line 456 in file startup_M480.s
   Uses
      At line 148 in file startup_M480.s
      At line 359 in file startup_M480.s

BRAKE0_IRQHandler 00000052

Symbol: BRAKE0_IRQHandler
   Definitions
      At line 405 in file startup_M480.s
   Uses
      At line 93 in file startup_M480.s
      At line 308 in file startup_M480.s

BRAKE1_IRQHandler 00000052

Symbol: BRAKE1_IRQHandler
   Definitions
      At line 409 in file startup_M480.s
   Uses



ARM Macro Assembler    Page 2 Alphabetic symbol ordering
Relocatable symbols

      At line 97 in file startup_M480.s
      At line 312 in file startup_M480.s

BusFault_Handler 00000046

Symbol: BusFault_Handler
   Definitions
      At line 254 in file startup_M480.s
   Uses
      At line 56 in file startup_M480.s
      At line 255 in file startup_M480.s

CAN0_IRQHandler 00000052

Symbol: CAN0_IRQHandler
   Definitions
      At line 436 in file startup_M480.s
   Uses
      At line 125 in file startup_M480.s
      At line 339 in file startup_M480.s

CAN1_IRQHandler 00000052

Symbol: CAN1_IRQHandler
   Definitions
      At line 437 in file startup_M480.s
   Uses
      At line 126 in file startup_M480.s
      At line 340 in file startup_M480.s

CAN2_IRQHandler 00000052

Symbol: CAN2_IRQHandler
   Definitions
      At line 476 in file startup_M480.s
   Uses
      At line 177 in file startup_M480.s
      At line 379 in file startup_M480.s

CCAP_IRQHandler 00000052

Symbol: CCAP_IRQHandler
   Definitions
      At line 458 in file startup_M480.s
   Uses
      At line 150 in file startup_M480.s
      At line 361 in file startup_M480.s

CKFAIL_IRQHandler 00000052

Symbol: CKFAIL_IRQHandler
   Definitions
      At line 386 in file startup_M480.s
   Uses
      At line 73 in file startup_M480.s
      At line 289 in file startup_M480.s

CRYPTO_IRQHandler 00000052




ARM Macro Assembler    Page 3 Alphabetic symbol ordering
Relocatable symbols

Symbol: CRYPTO_IRQHandler
   Definitions
      At line 448 in file startup_M480.s
   Uses
      At line 140 in file startup_M480.s
      At line 351 in file startup_M480.s

DAC_IRQHandler 00000052

Symbol: DAC_IRQHandler
   Definitions
      At line 422 in file startup_M480.s
   Uses
      At line 110 in file startup_M480.s
      At line 325 in file startup_M480.s

DebugMon_Handler 0000004C

Symbol: DebugMon_Handler
   Definitions
      At line 268 in file startup_M480.s
   Uses
      At line 63 in file startup_M480.s
      At line 269 in file startup_M480.s

Default_Handler 00000052

Symbol: Default_Handler
   Definitions
      At line 283 in file startup_M480.s
   Uses
      At line 74 in file startup_M480.s
      At line 114 in file startup_M480.s
      At line 130 in file startup_M480.s
      At line 132 in file startup_M480.s
      At line 138 in file startup_M480.s
      At line 152 in file startup_M480.s
      At line 160 in file startup_M480.s
      At line 163 in file startup_M480.s
      At line 164 in file startup_M480.s
      At line 165 in file startup_M480.s
      At line 166 in file startup_M480.s
      At line 167 in file startup_M480.s
      At line 168 in file startup_M480.s
      At line 169 in file startup_M480.s

Default__IRQHandler 00000052

Symbol: Default__IRQHandler
   Definitions
      At line 381 in file startup_M480.s
   Uses
      None
Comment: Default__IRQHandler unused
EADC00_IRQHandler 00000052

Symbol: EADC00_IRQHandler
   Definitions
      At line 423 in file startup_M480.s



ARM Macro Assembler    Page 4 Alphabetic symbol ordering
Relocatable symbols

   Uses
      At line 111 in file startup_M480.s
      At line 326 in file startup_M480.s

EADC01_IRQHandler 00000052

Symbol: EADC01_IRQHandler
   Definitions
      At line 424 in file startup_M480.s
   Uses
      At line 112 in file startup_M480.s
      At line 327 in file startup_M480.s

EADC02_IRQHandler 00000052

Symbol: EADC02_IRQHandler
   Definitions
      At line 426 in file startup_M480.s
   Uses
      At line 115 in file startup_M480.s
      At line 329 in file startup_M480.s

EADC03_IRQHandler 00000052

Symbol: EADC03_IRQHandler
   Definitions
      At line 427 in file startup_M480.s
   Uses
      At line 116 in file startup_M480.s
      At line 330 in file startup_M480.s

EADC10_IRQHandler 00000052

Symbol: EADC10_IRQHandler
   Definitions
      At line 472 in file startup_M480.s
   Uses
      At line 173 in file startup_M480.s
      At line 375 in file startup_M480.s

EADC11_IRQHandler 00000052

Symbol: EADC11_IRQHandler
   Definitions
      At line 473 in file startup_M480.s
   Uses
      At line 174 in file startup_M480.s
      At line 376 in file startup_M480.s

EADC12_IRQHandler 00000052

Symbol: EADC12_IRQHandler
   Definitions
      At line 474 in file startup_M480.s
   Uses
      At line 175 in file startup_M480.s
      At line 377 in file startup_M480.s

EADC13_IRQHandler 00000052



ARM Macro Assembler    Page 5 Alphabetic symbol ordering
Relocatable symbols


Symbol: EADC13_IRQHandler
   Definitions
      At line 475 in file startup_M480.s
   Uses
      At line 176 in file startup_M480.s
      At line 378 in file startup_M480.s

ECAP0_IRQHandler 00000052

Symbol: ECAP0_IRQHandler
   Definitions
      At line 462 in file startup_M480.s
   Uses
      At line 155 in file startup_M480.s
      At line 365 in file startup_M480.s

ECAP1_IRQHandler 00000052

Symbol: ECAP1_IRQHandler
   Definitions
      At line 463 in file startup_M480.s
   Uses
      At line 156 in file startup_M480.s
      At line 366 in file startup_M480.s

EHCI_IRQHandler 00000052

Symbol: EHCI_IRQHandler
   Definitions
      At line 467 in file startup_M480.s
   Uses
      At line 161 in file startup_M480.s
      At line 370 in file startup_M480.s

EINT0_IRQHandler 00000052

Symbol: EINT0_IRQHandler
   Definitions
      At line 391 in file startup_M480.s
   Uses
      At line 79 in file startup_M480.s
      At line 294 in file startup_M480.s

EINT1_IRQHandler 00000052

Symbol: EINT1_IRQHandler
   Definitions
      At line 392 in file startup_M480.s
   Uses
      At line 80 in file startup_M480.s
      At line 295 in file startup_M480.s

EINT2_IRQHandler 00000052

Symbol: EINT2_IRQHandler
   Definitions
      At line 393 in file startup_M480.s
   Uses



ARM Macro Assembler    Page 6 Alphabetic symbol ordering
Relocatable symbols

      At line 81 in file startup_M480.s
      At line 296 in file startup_M480.s

EINT3_IRQHandler 00000052

Symbol: EINT3_IRQHandler
   Definitions
      At line 394 in file startup_M480.s
   Uses
      At line 82 in file startup_M480.s
      At line 297 in file startup_M480.s

EINT4_IRQHandler 00000052

Symbol: EINT4_IRQHandler
   Definitions
      At line 395 in file startup_M480.s
   Uses
      At line 83 in file startup_M480.s
      At line 298 in file startup_M480.s

EINT5_IRQHandler 00000052

Symbol: EINT5_IRQHandler
   Definitions
      At line 396 in file startup_M480.s
   Uses
      At line 84 in file startup_M480.s
      At line 299 in file startup_M480.s

EINT6_IRQHandler 00000052

Symbol: EINT6_IRQHandler
   Definitions
      At line 450 in file startup_M480.s
   Uses
      At line 142 in file startup_M480.s
      At line 353 in file startup_M480.s

EINT7_IRQHandler 00000052

Symbol: EINT7_IRQHandler
   Definitions
      At line 465 in file startup_M480.s
   Uses
      At line 158 in file startup_M480.s
      At line 368 in file startup_M480.s

EMAC_RX_IRQHandler 00000052

Symbol: EMAC_RX_IRQHandler
   Definitions
      At line 445 in file startup_M480.s
   Uses
      At line 136 in file startup_M480.s
      At line 348 in file startup_M480.s

EMAC_TX_IRQHandler 00000052




ARM Macro Assembler    Page 7 Alphabetic symbol ordering
Relocatable symbols

Symbol: EMAC_TX_IRQHandler
   Definitions
      At line 444 in file startup_M480.s
   Uses
      At line 135 in file startup_M480.s
      At line 347 in file startup_M480.s

EPWM0P0_IRQHandler 00000052

Symbol: EPWM0P0_IRQHandler
   Definitions
      At line 406 in file startup_M480.s
   Uses
      At line 94 in file startup_M480.s
      At line 309 in file startup_M480.s

EPWM0P1_IRQHandler 00000052

Symbol: EPWM0P1_IRQHandler
   Definitions
      At line 407 in file startup_M480.s
   Uses
      At line 95 in file startup_M480.s
      At line 310 in file startup_M480.s

EPWM0P2_IRQHandler 00000052

Symbol: EPWM0P2_IRQHandler
   Definitions
      At line 408 in file startup_M480.s
   Uses
      At line 96 in file startup_M480.s
      At line 311 in file startup_M480.s

EPWM1P0_IRQHandler 00000052

Symbol: EPWM1P0_IRQHandler
   Definitions
      At line 410 in file startup_M480.s
   Uses
      At line 98 in file startup_M480.s
      At line 313 in file startup_M480.s

EPWM1P1_IRQHandler 00000052

Symbol: EPWM1P1_IRQHandler
   Definitions
      At line 411 in file startup_M480.s
   Uses
      At line 99 in file startup_M480.s
      At line 314 in file startup_M480.s

EPWM1P2_IRQHandler 00000052

Symbol: EPWM1P2_IRQHandler
   Definitions
      At line 412 in file startup_M480.s
   Uses
      At line 100 in file startup_M480.s



ARM Macro Assembler    Page 8 Alphabetic symbol ordering
Relocatable symbols

      At line 315 in file startup_M480.s

GPA_IRQHandler 00000052

Symbol: GPA_IRQHandler
   Definitions
      At line 397 in file startup_M480.s
   Uses
      At line 85 in file startup_M480.s
      At line 300 in file startup_M480.s

GPB_IRQHandler 00000052

Symbol: GPB_IRQHandler
   Definitions
      At line 398 in file startup_M480.s
   Uses
      At line 86 in file startup_M480.s
      At line 301 in file startup_M480.s

GPC_IRQHandler 00000052

Symbol: GPC_IRQHandler
   Definitions
      At line 399 in file startup_M480.s
   Uses
      At line 87 in file startup_M480.s
      At line 302 in file startup_M480.s

GPD_IRQHandler 00000052

Symbol: GPD_IRQHandler
   Definitions
      At line 400 in file startup_M480.s
   Uses
      At line 88 in file startup_M480.s
      At line 303 in file startup_M480.s

GPE_IRQHandler 00000052

Symbol: GPE_IRQHandler
   Definitions
      At line 401 in file startup_M480.s
   Uses
      At line 89 in file startup_M480.s
      At line 304 in file startup_M480.s

GPF_IRQHandler 00000052

Symbol: GPF_IRQHandler
   Definitions
      At line 402 in file startup_M480.s
   Uses
      At line 90 in file startup_M480.s
      At line 305 in file startup_M480.s

GPG_IRQHandler 00000052

Symbol: GPG_IRQHandler



ARM Macro Assembler    Page 9 Alphabetic symbol ordering
Relocatable symbols

   Definitions
      At line 449 in file startup_M480.s
   Uses
      At line 141 in file startup_M480.s
      At line 352 in file startup_M480.s

GPH_IRQHandler 00000052

Symbol: GPH_IRQHandler
   Definitions
      At line 464 in file startup_M480.s
   Uses
      At line 157 in file startup_M480.s
      At line 367 in file startup_M480.s

HardFault_Handler 00000042

Symbol: HardFault_Handler
   Definitions
      At line 244 in file startup_M480.s
   Uses
      At line 54 in file startup_M480.s
      At line 245 in file startup_M480.s

I2C0_IRQHandler 00000052

Symbol: I2C0_IRQHandler
   Definitions
      At line 419 in file startup_M480.s
   Uses
      At line 107 in file startup_M480.s
      At line 322 in file startup_M480.s

I2C1_IRQHandler 00000052

Symbol: I2C1_IRQHandler
   Definitions
      At line 420 in file startup_M480.s
   Uses
      At line 108 in file startup_M480.s
      At line 323 in file startup_M480.s

I2C2_IRQHandler 00000052

Symbol: I2C2_IRQHandler
   Definitions
      At line 459 in file startup_M480.s
   Uses
      At line 151 in file startup_M480.s
      At line 362 in file startup_M480.s

I2S0_IRQHandler 00000052

Symbol: I2S0_IRQHandler
   Definitions
      At line 446 in file startup_M480.s
   Uses
      At line 137 in file startup_M480.s
      At line 349 in file startup_M480.s



ARM Macro Assembler    Page 10 Alphabetic symbol ordering
Relocatable symbols


IRC_IRQHandler 00000052

Symbol: IRC_IRQHandler
   Definitions
      At line 383 in file startup_M480.s
   Uses
      At line 70 in file startup_M480.s
      At line 286 in file startup_M480.s

MemManage_Handler 00000044

Symbol: MemManage_Handler
   Definitions
      At line 249 in file startup_M480.s
   Uses
      At line 55 in file startup_M480.s
      At line 250 in file startup_M480.s

NMI_Handler 00000040

Symbol: NMI_Handler
   Definitions
      At line 239 in file startup_M480.s
   Uses
      At line 53 in file startup_M480.s
      At line 240 in file startup_M480.s

OHCI_IRQHandler 00000052

Symbol: OHCI_IRQHandler
   Definitions
      At line 434 in file startup_M480.s
   Uses
      At line 123 in file startup_M480.s
      At line 337 in file startup_M480.s

OPA0_IRQHandler 00000052

Symbol: OPA0_IRQHandler
   Definitions
      At line 447 in file startup_M480.s
   Uses
      At line 139 in file startup_M480.s
      At line 350 in file startup_M480.s

PDMA_IRQHandler 00000052

Symbol: PDMA_IRQHandler
   Definitions
      At line 421 in file startup_M480.s
   Uses
      At line 109 in file startup_M480.s
      At line 324 in file startup_M480.s

PWRWU_IRQHandler 00000052

Symbol: PWRWU_IRQHandler
   Definitions



ARM Macro Assembler    Page 11 Alphabetic symbol ordering
Relocatable symbols

      At line 384 in file startup_M480.s
   Uses
      At line 71 in file startup_M480.s
      At line 287 in file startup_M480.s

PendSV_Handler 0000004E

Symbol: PendSV_Handler
   Definitions
      At line 273 in file startup_M480.s
   Uses
      At line 65 in file startup_M480.s
      At line 274 in file startup_M480.s

QEI0_IRQHandler 00000052

Symbol: QEI0_IRQHandler
   Definitions
      At line 460 in file startup_M480.s
   Uses
      At line 153 in file startup_M480.s
      At line 363 in file startup_M480.s

QEI1_IRQHandler 00000052

Symbol: QEI1_IRQHandler
   Definitions
      At line 461 in file startup_M480.s
   Uses
      At line 154 in file startup_M480.s
      At line 364 in file startup_M480.s

QSPI0_IRQHandler 00000052

Symbol: QSPI0_IRQHandler
   Definitions
      At line 403 in file startup_M480.s
   Uses
      At line 91 in file startup_M480.s
      At line 306 in file startup_M480.s

QSPI1_IRQHandler 00000052

Symbol: QSPI1_IRQHandler
   Definitions
      At line 430 in file startup_M480.s
   Uses
      At line 119 in file startup_M480.s
      At line 333 in file startup_M480.s

RAMPE_IRQHandler 00000052

Symbol: RAMPE_IRQHandler
   Definitions
      At line 385 in file startup_M480.s
   Uses
      At line 72 in file startup_M480.s
      At line 288 in file startup_M480.s




ARM Macro Assembler    Page 12 Alphabetic symbol ordering
Relocatable symbols

RTC_IRQHandler 00000052

Symbol: RTC_IRQHandler
   Definitions
      At line 387 in file startup_M480.s
   Uses
      At line 75 in file startup_M480.s
      At line 290 in file startup_M480.s

Reset_Handler 00000000

Symbol: Reset_Handler
   Definitions
      At line 189 in file startup_M480.s
   Uses
      At line 52 in file startup_M480.s
      At line 190 in file startup_M480.s

SC0_IRQHandler 00000052

Symbol: SC0_IRQHandler
   Definitions
      At line 438 in file startup_M480.s
   Uses
      At line 127 in file startup_M480.s
      At line 341 in file startup_M480.s

SC1_IRQHandler 00000052

Symbol: SC1_IRQHandler
   Definitions
      At line 439 in file startup_M480.s
   Uses
      At line 128 in file startup_M480.s
      At line 342 in file startup_M480.s

SC2_IRQHandler 00000052

Symbol: SC2_IRQHandler
   Definitions
      At line 440 in file startup_M480.s
   Uses
      At line 129 in file startup_M480.s
      At line 343 in file startup_M480.s

SDH0_IRQHandler 00000052

Symbol: SDH0_IRQHandler
   Definitions
      At line 442 in file startup_M480.s
   Uses
      At line 133 in file startup_M480.s
      At line 345 in file startup_M480.s

SDH1_IRQHandler 00000052

Symbol: SDH1_IRQHandler
   Definitions
      At line 466 in file startup_M480.s



ARM Macro Assembler    Page 13 Alphabetic symbol ordering
Relocatable symbols

   Uses
      At line 159 in file startup_M480.s
      At line 369 in file startup_M480.s

SPI0_IRQHandler 00000052

Symbol: SPI0_IRQHandler
   Definitions
      At line 404 in file startup_M480.s
   Uses
      At line 92 in file startup_M480.s
      At line 307 in file startup_M480.s

SPI1_IRQHandler 00000052

Symbol: SPI1_IRQHandler
   Definitions
      At line 431 in file startup_M480.s
   Uses
      At line 120 in file startup_M480.s
      At line 334 in file startup_M480.s

SPI2_IRQHandler 00000052

Symbol: SPI2_IRQHandler
   Definitions
      At line 432 in file startup_M480.s
   Uses
      At line 121 in file startup_M480.s
      At line 335 in file startup_M480.s

SPI3_IRQHandler 00000052

Symbol: SPI3_IRQHandler
   Definitions
      At line 441 in file startup_M480.s
   Uses
      At line 131 in file startup_M480.s
      At line 344 in file startup_M480.s

SPIM_IRQHandler 00000052

Symbol: SPIM_IRQHandler
   Definitions
      At line 457 in file startup_M480.s
   Uses
      At line 149 in file startup_M480.s
      At line 360 in file startup_M480.s

SVC_Handler 0000004A

Symbol: SVC_Handler
   Definitions
      At line 263 in file startup_M480.s
   Uses
      At line 62 in file startup_M480.s
      At line 264 in file startup_M480.s

SysTick_Handler 00000050



ARM Macro Assembler    Page 14 Alphabetic symbol ordering
Relocatable symbols


Symbol: SysTick_Handler
   Definitions
      At line 278 in file startup_M480.s
   Uses
      At line 66 in file startup_M480.s
      At line 279 in file startup_M480.s

TAMPER_IRQHandler 00000052

Symbol: TAMPER_IRQHandler
   Definitions
      At line 388 in file startup_M480.s
   Uses
      At line 76 in file startup_M480.s
      At line 291 in file startup_M480.s

TMR0_IRQHandler 00000052

Symbol: TMR0_IRQHandler
   Definitions
      At line 413 in file startup_M480.s
   Uses
      At line 101 in file startup_M480.s
      At line 316 in file startup_M480.s

TMR1_IRQHandler 00000052

Symbol: TMR1_IRQHandler
   Definitions
      At line 414 in file startup_M480.s
   Uses
      At line 102 in file startup_M480.s
      At line 317 in file startup_M480.s

TMR2_IRQHandler 00000052

Symbol: TMR2_IRQHandler
   Definitions
      At line 415 in file startup_M480.s
   Uses
      At line 103 in file startup_M480.s
      At line 318 in file startup_M480.s

TMR3_IRQHandler 00000052

Symbol: TMR3_IRQHandler
   Definitions
      At line 416 in file startup_M480.s
   Uses
      At line 104 in file startup_M480.s
      At line 319 in file startup_M480.s

TRNG_IRQHandler 00000052

Symbol: TRNG_IRQHandler
   Definitions
      At line 469 in file startup_M480.s
   Uses



ARM Macro Assembler    Page 15 Alphabetic symbol ordering
Relocatable symbols

      At line 170 in file startup_M480.s
      At line 372 in file startup_M480.s

UART0_IRQHandler 00000052

Symbol: UART0_IRQHandler
   Definitions
      At line 417 in file startup_M480.s
   Uses
      At line 105 in file startup_M480.s
      At line 320 in file startup_M480.s

UART1_IRQHandler 00000052

Symbol: UART1_IRQHandler
   Definitions
      At line 418 in file startup_M480.s
   Uses
      At line 106 in file startup_M480.s
      At line 321 in file startup_M480.s

UART2_IRQHandler 00000052

Symbol: UART2_IRQHandler
   Definitions
      At line 428 in file startup_M480.s
   Uses
      At line 117 in file startup_M480.s
      At line 331 in file startup_M480.s

UART3_IRQHandler 00000052

Symbol: UART3_IRQHandler
   Definitions
      At line 429 in file startup_M480.s
   Uses
      At line 118 in file startup_M480.s
      At line 332 in file startup_M480.s

UART4_IRQHandler 00000052

Symbol: UART4_IRQHandler
   Definitions
      At line 451 in file startup_M480.s
   Uses
      At line 143 in file startup_M480.s
      At line 354 in file startup_M480.s

UART5_IRQHandler 00000052

Symbol: UART5_IRQHandler
   Definitions
      At line 452 in file startup_M480.s
   Uses
      At line 144 in file startup_M480.s
      At line 355 in file startup_M480.s

UART6_IRQHandler 00000052




ARM Macro Assembler    Page 16 Alphabetic symbol ordering
Relocatable symbols

Symbol: UART6_IRQHandler
   Definitions
      At line 470 in file startup_M480.s
   Uses
      At line 171 in file startup_M480.s
      At line 373 in file startup_M480.s

UART7_IRQHandler 00000052

Symbol: UART7_IRQHandler
   Definitions
      At line 471 in file startup_M480.s
   Uses
      At line 172 in file startup_M480.s
      At line 374 in file startup_M480.s

USBD20_IRQHandler 00000052

Symbol: USBD20_IRQHandler
   Definitions
      At line 443 in file startup_M480.s
   Uses
      At line 134 in file startup_M480.s
      At line 346 in file startup_M480.s

USBD_IRQHandler 00000052

Symbol: USBD_IRQHandler
   Definitions
      At line 433 in file startup_M480.s
   Uses
      At line 122 in file startup_M480.s
      At line 336 in file startup_M480.s

USBOTG20_IRQHandler 00000052

Symbol: USBOTG20_IRQHandler
   Definitions
      At line 468 in file startup_M480.s
   Uses
      At line 162 in file startup_M480.s
      At line 371 in file startup_M480.s

USBOTG_IRQHandler 00000052

Symbol: USBOTG_IRQHandler
   Definitions
      At line 435 in file startup_M480.s
   Uses
      At line 124 in file startup_M480.s
      At line 338 in file startup_M480.s

USCI0_IRQHandler 00000052

Symbol: USCI0_IRQHandler
   Definitions
      At line 453 in file startup_M480.s
   Uses
      At line 145 in file startup_M480.s



ARM Macro Assembler    Page 17 Alphabetic symbol ordering
Relocatable symbols

      At line 356 in file startup_M480.s

USCI1_IRQHandler 00000052

Symbol: USCI1_IRQHandler
   Definitions
      At line 454 in file startup_M480.s
   Uses
      At line 146 in file startup_M480.s
      At line 357 in file startup_M480.s

UsageFault_Handler 00000048

Symbol: UsageFault_Handler
   Definitions
      At line 259 in file startup_M480.s
   Uses
      At line 57 in file startup_M480.s
      At line 260 in file startup_M480.s

WDT_IRQHandler 00000052

Symbol: WDT_IRQHandler
   Definitions
      At line 389 in file startup_M480.s
   Uses
      At line 77 in file startup_M480.s
      At line 292 in file startup_M480.s

WWDT_IRQHandler 00000052

Symbol: WWDT_IRQHandler
   Definitions
      At line 390 in file startup_M480.s
   Uses
      At line 78 in file startup_M480.s
      At line 293 in file startup_M480.s

108 symbols



ARM Macro Assembler    Page 1 Alphabetic symbol ordering
Absolute symbols

Heap_Size 00002000

Symbol: Heap_Size
   Definitions
      At line 31 in file startup_M480.s
   Uses
      At line 36 in file startup_M480.s
Comment: Heap_Size used once
Stack_Size 00000800

Symbol: Stack_Size
   Definitions
      At line 18 in file startup_M480.s
   Uses
      At line 22 in file startup_M480.s
Comment: Stack_Size used once
__Vectors_Size 000001F4

Symbol: __Vectors_Size
   Definitions
      At line 182 in file startup_M480.s
   Uses
      At line 49 in file startup_M480.s
Comment: __Vectors_Size used once
3 symbols



ARM Macro Assembler    Page 1 Alphabetic symbol ordering
External symbols

SystemInit 00000000

Symbol: SystemInit
   Definitions
      At line 191 in file startup_M480.s
   Uses
      At line 218 in file startup_M480.s
Comment: SystemInit used once
__main 00000000

Symbol: __main
   Definitions
      At line 192 in file startup_M480.s
   Uses
      At line 231 in file startup_M480.s
Comment: __main used once
2 symbols
463 symbols in table
